mode: set
be9/unittest/bilangan/bilangankeren.go:16.41,18.35 2 1
be9/unittest/bilangan/bilangankeren.go:24.2,24.20 1 1
be9/unittest/bilangan/bilangankeren.go:27.2,27.16 1 1
be9/unittest/bilangan/bilangankeren.go:18.35,19.24 1 1
be9/unittest/bilangan/bilangankeren.go:19.24,21.4 1 1
be9/unittest/bilangan/bilangankeren.go:24.20,26.3 1 1
be9/unittest/bilangan/bilangankeren.go:31.42,33.35 2 1
be9/unittest/bilangan/bilangankeren.go:39.2,39.15 1 1
be9/unittest/bilangan/bilangankeren.go:42.2,42.16 1 1
be9/unittest/bilangan/bilangankeren.go:33.35,34.24 1 1
be9/unittest/bilangan/bilangankeren.go:34.24,36.4 1 1
be9/unittest/bilangan/bilangankeren.go:39.15,41.3 1 1
be9/unittest/bilangan/bilangankeren.go:46.42,48.34 2 1
be9/unittest/bilangan/bilangankeren.go:57.2,57.15 1 1
be9/unittest/bilangan/bilangankeren.go:60.2,60.16 1 1
be9/unittest/bilangan/bilangankeren.go:48.34,49.24 1 1
be9/unittest/bilangan/bilangankeren.go:52.3,52.15 1 1
be9/unittest/bilangan/bilangankeren.go:49.24,51.4 1 1
be9/unittest/bilangan/bilangankeren.go:52.15,53.9 1 1
be9/unittest/bilangan/bilangankeren.go:57.15,59.3 1 1
